0 info it worked if it ends with ok
1 verbose cli [ '/Users/tonykukavica/.nvm/versions/node/v4.4.7/bin/node',
1 verbose cli   '/Users/tonykukavica/.nvm/versions/node/v4.4.7/bin/npm',
1 verbose cli   'install',
1 verbose cli   'boostrap@3' ]
2 info using npm@2.15.8
3 info using node@v4.4.7
4 verbose install initial load of /Users/tonykukavica/Documents/Caltech/test/phyloTreeVizJS/package.json
5 verbose installManyTop reading scoped package data from /Users/tonykukavica/Documents/Caltech/test/phyloTreeVizJS/node_modules/bootstrap/package.json
6 verbose installManyTop reading scoped package data from /Users/tonykukavica/Documents/Caltech/test/phyloTreeVizJS/node_modules/d3/package.json
7 verbose installManyTop reading scoped package data from /Users/tonykukavica/Documents/Caltech/test/phyloTreeVizJS/node_modules/newick/package.json
8 verbose installManyTop reading scoped package data from /Users/tonykukavica/Documents/Caltech/test/phyloTreeVizJS/node_modules/phylotree/package.json
9 verbose installManyTop reading scoped package data from /Users/tonykukavica/Documents/Caltech/test/phyloTreeVizJS/node_modules/tnt.tree/package.json
10 info package.json phylotree@0.1.4 No repository field.
11 info package.json phylotree@0.1.4 No license field.
12 verbose readDependencies loading dependencies from /Users/tonykukavica/Documents/Caltech/test/phyloTreeVizJS/package.json
13 silly cache add args [ 'boostrap@3', null ]
14 verbose cache add spec boostrap@3
15 silly cache add parsed spec Result {
15 silly cache add   raw: 'boostrap@3',
15 silly cache add   scope: null,
15 silly cache add   name: 'boostrap',
15 silly cache add   rawSpec: '3',
15 silly cache add   spec: '>=3.0.0 <4.0.0',
15 silly cache add   type: 'range' }
16 silly addNamed boostrap@>=3.0.0 <4.0.0
17 verbose addNamed ">=3.0.0 <4.0.0" is a valid semver range for boostrap
18 silly addNameRange { name: 'boostrap', range: '>=3.0.0 <4.0.0', hasData: false }
19 silly mapToRegistry name boostrap
20 silly mapToRegistry using default registry
21 silly mapToRegistry registry https://registry.npmjs.org/
22 silly mapToRegistry data Result {
22 silly mapToRegistry   raw: 'boostrap',
22 silly mapToRegistry   scope: null,
22 silly mapToRegistry   name: 'boostrap',
22 silly mapToRegistry   rawSpec: '',
22 silly mapToRegistry   spec: 'latest',
22 silly mapToRegistry   type: 'tag' }
23 silly mapToRegistry uri https://registry.npmjs.org/boostrap
24 verbose addNameRange registry:https://registry.npmjs.org/boostrap not in flight; fetching
25 verbose request uri https://registry.npmjs.org/boostrap
26 verbose request no auth needed
27 info attempt registry request try #1 at 10:31:34 PM
28 verbose request id d8d46bf263388721
29 http request GET https://registry.npmjs.org/boostrap
30 http 200 https://registry.npmjs.org/boostrap
31 verbose headers { server: 'nginx/1.10.1',
31 verbose headers   'content-type': 'application/json',
31 verbose headers   'last-modified': 'Tue, 21 Mar 2017 20:16:30 GMT',
31 verbose headers   etag: 'W/"58d18a1e-467"',
31 verbose headers   'content-encoding': 'gzip',
31 verbose headers   'cache-control': 'max-age=300',
31 verbose headers   'content-length': '560',
31 verbose headers   'accept-ranges': 'bytes',
31 verbose headers   date: 'Mon, 10 Apr 2017 05:31:34 GMT',
31 verbose headers   via: '1.1 varnish',
31 verbose headers   age: '0',
31 verbose headers   connection: 'keep-alive',
31 verbose headers   'x-served-by': 'cache-lax8622-LAX',
31 verbose headers   'x-cache': 'MISS',
31 verbose headers   'x-cache-hits': '0',
31 verbose headers   'x-timer': 'S1491802294.154511,VS0,VE154',
31 verbose headers   vary: 'Accept-Encoding' }
32 silly get cb [ 200,
32 silly get   { server: 'nginx/1.10.1',
32 silly get     'content-type': 'application/json',
32 silly get     'last-modified': 'Tue, 21 Mar 2017 20:16:30 GMT',
32 silly get     etag: 'W/"58d18a1e-467"',
32 silly get     'content-encoding': 'gzip',
32 silly get     'cache-control': 'max-age=300',
32 silly get     'content-length': '560',
32 silly get     'accept-ranges': 'bytes',
32 silly get     date: 'Mon, 10 Apr 2017 05:31:34 GMT',
32 silly get     via: '1.1 varnish',
32 silly get     age: '0',
32 silly get     connection: 'keep-alive',
32 silly get     'x-served-by': 'cache-lax8622-LAX',
32 silly get     'x-cache': 'MISS',
32 silly get     'x-cache-hits': '0',
32 silly get     'x-timer': 'S1491802294.154511,VS0,VE154',
32 silly get     vary: 'Accept-Encoding' } ]
33 verbose get saving boostrap to /Users/tonykukavica/.npm/registry.npmjs.org/boostrap/.cache.json
34 verbose correctMkdir /Users/tonykukavica/.npm correctMkdir not in flight; initializing
35 silly addNameRange number 2 { name: 'boostrap', range: '>=3.0.0 <4.0.0', hasData: true }
36 silly addNameRange versions [ 'boostrap', [ '1.0.0' ] ]
37 verbose stack Error: No compatible version found: boostrap@'>=3.0.0 <4.0.0'
37 verbose stack Valid install targets:
37 verbose stack ["1.0.0"]
37 verbose stack
37 verbose stack     at installTargetsError (/Users/tonykukavica/.nvm/versions/node/v4.4.7/lib/node_modules/npm/lib/cache/add-named.js:284:12)
37 verbose stack     at next (/Users/tonykukavica/.nvm/versions/node/v4.4.7/lib/node_modules/npm/lib/cache/add-named.js:262:19)
37 verbose stack     at setData (/Users/tonykukavica/.nvm/versions/node/v4.4.7/lib/node_modules/npm/lib/cache/add-named.js:236:5)
37 verbose stack     at RES (/Users/tonykukavica/.nvm/versions/node/v4.4.7/lib/node_modules/npm/node_modules/inflight/inflight.js:23:14)
37 verbose stack     at f (/Users/tonykukavica/.nvm/versions/node/v4.4.7/lib/node_modules/npm/node_modules/once/once.js:17:25)
37 verbose stack     at fixName (/Users/tonykukavica/.nvm/versions/node/v4.4.7/lib/node_modules/npm/lib/cache/add-named.js:29:5)
37 verbose stack     at saved (/Users/tonykukavica/.nvm/versions/node/v4.4.7/lib/node_modules/npm/lib/cache/caching-client.js:173:7)
37 verbose stack     at /Users/tonykukavica/.nvm/versions/node/v4.4.7/lib/node_modules/npm/node_modules/graceful-fs/polyfills.js:210:7
37 verbose stack     at FSReqWrap.oncomplete (fs.js:82:15)
38 verbose cwd /Users/tonykukavica/Documents/Caltech/test/phyloTreeVizJS
39 error Darwin 16.5.0
40 error argv "/Users/tonykukavica/.nvm/versions/node/v4.4.7/bin/node" "/Users/tonykukavica/.nvm/versions/node/v4.4.7/bin/npm" "install" "boostrap@3"
41 error node v4.4.7
42 error npm  v2.15.8
43 error code ETARGET
44 error notarget No compatible version found: boostrap@'>=3.0.0 <4.0.0'
44 error notarget Valid install targets:
44 error notarget ["1.0.0"]
44 error notarget
44 error notarget This is most likely not a problem with npm itself.
44 error notarget In most cases you or one of your dependencies are requesting
44 error notarget a package version that doesn't exist.
44 error notarget
44 error notarget It was specified as a dependency of 'phylotreeviz-js'
45 verbose exit [ 1, true ]
